Using pre-set license
Built from '2021.1/staging' branch; Version is '2021.1.6f1 (c0fade0cc7e9) revision 12647134'; Using compiler version '192528614'; Build Type 'Release'
OS: 'Windows 10 Home; OS build 19042.1052; Version 2009; 64bit' Language: 'pt' Physical Memory: 16251 MB
BatchMode: 1, IsHumanControllingUs: 0, StartBugReporterOnCrash: 0, Is64bit: 1, IsPro: 0

 COMMAND LINE ARGUMENTS:
C:\Program Files\Unity\Hub\Editor\2021.1.6f1\Editor\Unity.exe
-adb2
-batchMode
-noUpm
-name
AssetImportWorker0
-projectPath
C:/Users/kaise/Desktop/Final
-logFile
Logs/AssetImportWorker0.log
-srvPort
60281
Successfully changed project path to: C:/Users/kaise/Desktop/Final
C:/Users/kaise/Desktop/Final
Using Asset Import Pipeline V2.
Refreshing native plugins compatible for Editor in 55.62 ms, found 0 plugins.
Preloading 0 native plugins for Editor in 0.00 ms.
Initialize engine version: 2021.1.6f1 (c0fade0cc7e9)
[Subsystems] Discovering subsystems at path C:/Program Files/Unity/Hub/Editor/2021.1.6f1/Editor/Data/Resources/UnitySubsystems
[Subsystems] Discovering subsystems at path C:/Users/kaise/Desktop/Final/Assets
GfxDevice: creating device client; threaded=0; jobified=0
Direct3D:
    Version:  Direct3D 11.0 [level 11.1]
    Renderer: NVIDIA GeForce RTX 2060 (ID=0x1f15)
    Vendor:   NVIDIA
    VRAM:     5980 MB
    Driver:   27.21.14.5256
Initialize mono
Mono path[0] = 'C:/Program Files/Unity/Hub/Editor/2021.1.6f1/Editor/Data/Managed'
Mono path[1] = 'C:/Program Files/Unity/Hub/Editor/2021.1.6f1/Editor/Data/MonoBleedingEdge/lib/mono/unityjit'
Mono config path = 'C:/Program Files/Unity/Hub/Editor/2021.1.6f1/Editor/Data/MonoBleedingEdge/etc'
Using monoOptions --debugger-agent=transport=dt_socket,embedding=1,server=y,suspend=n,address=127.0.0.1:56952
Begin MonoManager ReloadAssembly
Registering precompiled unity dll's ...
Register platform support module: C:/Program Files/Unity/Hub/Editor/2021.1.6f1/Editor/Data/PlaybackEngines/WindowsStandaloneSupport/UnityEditor.WindowsStandalone.Extensions.dll
Registered in 0.002806 seconds.
Native extension for WindowsStandalone target not found
Refreshing native plugins compatible for Editor in 46.59 ms, found 0 plugins.
Preloading 0 native plugins for Editor in 0.00 ms.
Mono: successfully reloaded assembly
- Completed reload, in  1.334 seconds
Platform modules already initialized, skipping
Registering precompiled user dll's ...
Registered in 0.001477 seconds.
Begin MonoManager ReloadAssembly
Native extension for WindowsStandalone target not found
Refreshing native plugins compatible for Editor in 0.41 ms, found 0 plugins.
Preloading 0 native plugins for Editor in 0.00 ms.
Mono: successfully reloaded assembly
- Completed reload, in  1.726 seconds
Platform modules already initialized, skipping
========================================================================
Worker process is ready to serve import requests
Launched and connected shader compiler UnityShaderCompiler.exe after 0.05 seconds
Refreshing native plugins compatible for Editor in 0.47 ms, found 0 plugins.
Preloading 0 native plugins for Editor in 0.00 ms.
Unloading 1716 Unused Serialized files (Serialized files now loaded: 0)
System memory in use before: 135.0 MB.
System memory in use after: 134.8 MB.

Unloading 11 unused Assets to reduce memory usage. Loaded Objects now: 2221.
Total: 2.954500 ms (FindLiveObjects: 0.229200 ms CreateObjectMapping: 0.179300 ms MarkObjects: 2.198300 ms  DeleteObjects: 0.346900 ms)

========================================================================
Received Import Request.
  path: Assets/Objetos/Materials/BaseCartoes 1.mat
  artifactKey: Guid(661013e429f649c49a54eb31c9c14f3e) Importer(815301076,1909f56bfc062723c751e8b465ee728b)
Start importing Assets/Objetos/Materials/BaseCartoes 1.mat using Guid(661013e429f649c49a54eb31c9c14f3e) Importer(815301076,1909f56bfc062723c751e8b465ee728b)  -> (artifact id: '15d678adb6ad2c00a5039e7dc9221f66') in 0.119118 seconds 
========================================================================
Received Import Request.
  Time since last request: 0.000401 seconds.
  path: Assets/Imagens/Materials/cam2.mat
  artifactKey: Guid(13f59bbd7b735bf4d8fbdfd0595e19c0) Importer(815301076,1909f56bfc062723c751e8b465ee728b)
Start importing Assets/Imagens/Materials/cam2.mat using Guid(13f59bbd7b735bf4d8fbdfd0595e19c0) Importer(815301076,1909f56bfc062723c751e8b465ee728b)  -> (artifact id: 'bc0c82c9770084101c0e188a3ebb2a28') in 0.019883 seconds 
========================================================================
Received Import Request.
  Time since last request: 0.000312 seconds.
  path: Assets/Prefabs/CameraBase.prefab
  artifactKey: Guid(30965a549a5879a42b8acaf037484bfd) Importer(815301076,1909f56bfc062723c751e8b465ee728b)
Start importing Assets/Prefabs/CameraBase.prefab using Guid(30965a549a5879a42b8acaf037484bfd) Importer(815301076,1909f56bfc062723c751e8b465ee728b)  -> (artifact id: '72bf0eda0cc0a6c5362ef211a9198d23') in 0.016065 seconds 
========================================================================
Received Import Request.
  Time since last request: 0.000235 seconds.
  path: Assets/Objetos/Materials/BaseCartoes.mat
  artifactKey: Guid(d4c254c0ea62d7346b2d3845bc7d4ded) Importer(815301076,1909f56bfc062723c751e8b465ee728b)
Start importing Assets/Objetos/Materials/BaseCartoes.mat using Guid(d4c254c0ea62d7346b2d3845bc7d4ded) Importer(815301076,1909f56bfc062723c751e8b465ee728b)  -> (artifact id: '827a784d4438aa0d75a54fae460ce834') in 0.019997 seconds 
========================================================================
Received Import Request.
  Time since last request: 0.000336 seconds.
  path: Assets/Imagens/Materials/cam1.mat
  artifactKey: Guid(44311ab7625c5dd4f8a4becb4c03ac01) Importer(815301076,1909f56bfc062723c751e8b465ee728b)
Start importing Assets/Imagens/Materials/cam1.mat using Guid(44311ab7625c5dd4f8a4becb4c03ac01) Importer(815301076,1909f56bfc062723c751e8b465ee728b)  -> (artifact id: '5af6771ea21089a63420940af0bd36f8') in 0.016825 seconds 
========================================================================
Received Import Request.
  Time since last request: 206.781089 seconds.
  path: Assets/Objetos/Materials/ENIGMA1 1.mat
  artifactKey: Guid(dcefeb17e8723ba4283862b9da40d471) Importer(815301076,1909f56bfc062723c751e8b465ee728b)
Start importing Assets/Objetos/Materials/ENIGMA1 1.mat using Guid(dcefeb17e8723ba4283862b9da40d471) Importer(815301076,1909f56bfc062723c751e8b465ee728b)  -> (artifact id: 'f91a5cde7abad825db1f5c8fd158e355') in 0.028865 seconds 
========================================================================
Received Import Request.
  Time since last request: 0.000152 seconds.
  path: Assets/Objetos/Materials/ENIGMA2 1.mat
  artifactKey: Guid(5be17a6ddf47f1a41b7ccf725ef0b816) Importer(815301076,1909f56bfc062723c751e8b465ee728b)
Start importing Assets/Objetos/Materials/ENIGMA2 1.mat using Guid(5be17a6ddf47f1a41b7ccf725ef0b816) Importer(815301076,1909f56bfc062723c751e8b465ee728b)  -> (artifact id: 'b38d00ac6f29e49bb06523811f5f814c') in 0.025384 seconds 
========================================================================
Received Import Request.
  Time since last request: 141.925575 seconds.
  path: Assets/Imagens/Code3 2.0.jpg
  artifactKey: Guid(5931c43f6e09a3143baa3c1cdb25c44f) Importer(815301076,1909f56bfc062723c751e8b465ee728b)
Start importing Assets/Imagens/Code3 2.0.jpg using Guid(5931c43f6e09a3143baa3c1cdb25c44f) Importer(815301076,1909f56bfc062723c751e8b465ee728b)  -> (artifact id: '07e26290cd00497b35776a718090f469') in 0.063677 seconds 
========================================================================
Received Import Request.
  Time since last request: 454.917715 seconds.
  path: Assets/Scripts/Detection/BarrierOff.cs
  artifactKey: Guid(17e7e1df57f1d604e9467dcf9568dae8) Importer(815301076,1909f56bfc062723c751e8b465ee728b)
Start importing Assets/Scripts/Detection/BarrierOff.cs using Guid(17e7e1df57f1d604e9467dcf9568dae8) Importer(815301076,1909f56bfc062723c751e8b465ee728b)  -> (artifact id: 'cb56cf89e1788dc13cdef54588584d58') in 0.019367 seconds 
========================================================================
Received Import Request.
  Time since last request: 12.106164 seconds.
  path: Assets/Scripts/Enemy.cs
  artifactKey: Guid(235f12a811f208c489fc9bb89873e9c3) Importer(815301076,1909f56bfc062723c751e8b465ee728b)
Start importing Assets/Scripts/Enemy.cs using Guid(235f12a811f208c489fc9bb89873e9c3) Importer(815301076,1909f56bfc062723c751e8b465ee728b)  -> (artifact id: 'b48078a96da4c5103e0d8585af567924') in 0.007501 seconds 
========================================================================
Received Import Request.
  Time since last request: 0.815115 seconds.
  path: Assets/Scripts/BodyGuard.cs
  artifactKey: Guid(ecba39a316504704a8698bb7cc7666be) Importer(815301076,1909f56bfc062723c751e8b465ee728b)
Start importing Assets/Scripts/BodyGuard.cs using Guid(ecba39a316504704a8698bb7cc7666be) Importer(815301076,1909f56bfc062723c751e8b465ee728b)  -> (artifact id: 'c9002a10baa5e0570ab822fc44c4d3b1') in 0.006086 seconds 
AssetImportWorkerClient::OnTransportError - code=2 error=End of file
